<?xml version="1.0" encoding="UTF-8"?>
<testsuite xmlns:xsi="http://www.w3.org/2001/XMLSchema-instance" xsi:noNamespaceSchemaLocation="https://maven.apache.org/surefire/maven-surefire-plugin/xsd/surefire-test-report.xsd" name="com.cagst.bom.tenant.TenantRepositoryR2dbcTest" time="5.168" tests="17" errors="0" skipped="2" failures="0">
  <properties>
[...]
</properties>
  <testcase name="testUpdate" classname="com.cagst.bom.tenant.TenantRepositoryR2dbcTest$WhenUpdate" time="0">
    <skipped message="void com.cagst.bom.tenant.TenantRepositoryR2dbcTest$WhenUpdate.testUpdate() is @Disabled"/>
    <system-out><![CDATA[19:40:56.109 [main] DEBUG org.springframework.test.context.BootstrapUtils - Instantiating CacheAwareContextLoaderDelegate from class [org.springframework.test.context.cache.DefaultCacheAwareContextLoaderDelegate]
19:40:56.126 [main] DEBUG org.springframework.test.context.BootstrapUtils - Instantiating BootstrapContext using constructor [public org.springframework.test.context.support.DefaultBootstrapContext(java.lang.Class,org.springframework.test.context.CacheAwareContextLoaderDelegate)]
19:40:56.164 [main] DEBUG org.springframework.test.context.BootstrapUtils - Instantiating TestContextBootstrapper for test class [com.cagst.bom.tenant.TenantRepositoryR2dbcTest] from class [org.springframework.boot.test.context.SpringBootTestContextBootstrapper]
19:40:56.179 [main] INFO org.springframework.boot.test.context.SpringBootTestContextBootstrapper - Neither @ContextConfiguration nor @ContextHierarchy found for test class [com.cagst.bom.tenant.TenantRepositoryR2dbcTest], using SpringBootContextLoader
19:40:56.183 [main] DEBUG org.springframework.test.context.support.AbstractContextLoader - Did not detect default resource location for test class [com.cagst.bom.tenant.TenantRepositoryR2dbcTest]: class path resource [com/cagst/bom/tenant/TenantRepositoryR2dbcTest-context.xml] does not exist
19:40:56.183 [main] DEBUG org.springframework.test.context.support.AbstractContextLoader - Did not detect default resource location for test class [com.cagst.bom.tenant.TenantRepositoryR2dbcTest]: class path resource [com/cagst/bom/tenant/TenantRepositoryR2dbcTestContext.groovy] does not exist
19:40:56.183 [main] INFO org.springframework.test.context.support.AbstractContextLoader - Could not detect default resource locations for test class [com.cagst.bom.tenant.TenantRepositoryR2dbcTest]: no resource found for suffixes {-context.xml, Context.groovy}.
19:40:56.184 [main] DEBUG org.springframework.test.context.support.AnnotationConfigContextLoaderUtils - Ignoring class [com.cagst.bom.tenant.TenantRepositoryR2dbcTest$WhenUpdate]; it must be static, non-private, non-final, and annotated with @Configuration to be considered a default configuration class.
19:40:56.184 [main] DEBUG org.springframework.test.context.support.AnnotationConfigContextLoaderUtils - Ignoring class [com.cagst.bom.tenant.TenantRepositoryR2dbcTest$WhenInsertTenant]; it must be static, non-private, non-final, and annotated with @Configuration to be considered a default configuration class.
19:40:56.184 [main] DEBUG org.springframework.test.context.support.AnnotationConfigContextLoaderUtils - Ignoring class [com.cagst.bom.tenant.TenantRepositoryR2dbcTest$WhenFind]; it must be static, non-private, non-final, and annotated with @Configuration to be considered a default configuration class.
19:40:56.184 [main] DEBUG org.springframework.test.context.support.AnnotationConfigContextLoaderUtils - Ignoring class [com.cagst.bom.tenant.TenantRepositoryR2dbcTest$WhenFindByMnemonics]; it must be static, non-private, non-final, and annotated with @Configuration to be considered a default configuration class.
19:40:56.184 [main] DEBUG org.springframework.test.context.support.AnnotationConfigContextLoaderUtils - Ignoring class [com.cagst.bom.tenant.TenantRepositoryR2dbcTest$WhenFindByMnemonic]; it must be static, non-private, non-final, and annotated with @Configuration to be considered a default configuration class.
19:40:56.184 [main] DEBUG org.springframework.test.context.support.AnnotationConfigContextLoaderUtils - Ignoring class [com.cagst.bom.tenant.TenantRepositoryR2dbcTest$WhenFindByIds]; it must be static, non-private, non-final, and annotated with @Configuration to be considered a default configuration class.
19:40:56.185 [main] DEBUG org.springframework.test.context.support.AnnotationConfigContextLoaderUtils - Ignoring class [com.cagst.bom.tenant.TenantRepositoryR2dbcTest$WhenFindById]; it must be static, non-private, non-final, and annotated with @Configuration to be considered a default configuration class.
19:40:56.185 [main] INFO org.springframework.test.context.support.AnnotationConfigContextLoaderUtils - Could not detect default configuration classes for test class [com.cagst.bom.tenant.TenantRepositoryR2dbcTest]: TenantRepositoryR2dbcTest does not declare any static, non-private, non-final, nested classes annotated with @Configuration.
19:40:56.242 [main] DEBUG org.springframework.test.context.support.ActiveProfilesUtils - Could not find an 'annotation declaring class' for annotation type [org.springframework.test.context.ActiveProfiles] and class [com.cagst.bom.tenant.TenantRepositoryR2dbcTest]
19:40:56.415 [main] DEBUG org.springframework.context.annotation.ClassPathScanningCandidateComponentProvider - Identified candidate component class: file [/Users/cgaskill/wip/cagst/bom/bom-service/bom-service-rest/target/classes/com/cagst/bom/BomServiceApplication.class]
19:40:56.417 [main] INFO org.springframework.boot.test.context.SpringBootTestContextBootstrapper - Found @SpringBootConfiguration com.cagst.bom.BomServiceApplication for test class com.cagst.bom.tenant.TenantRepositoryR2dbcTest
19:40:56.525 [main] DEBUG org.springframework.boot.test.context.SpringBootTestContextBootstrapper - @TestExecutionListeners is not present for class [com.cagst.bom.tenant.TenantRepositoryR2dbcTest]: using defaults.
19:40:56.526 [main] INFO org.springframework.boot.test.context.SpringBootTestContextBootstrapper - Loaded default TestExecutionListener class names from location [META-INF/spring.factories]: [org.springframework.boot.test.mock.mockito.MockitoTestExecutionListener, org.springframework.boot.test.mock.mockito.ResetMocksTestExecutionListener, org.springframework.boot.test.autoconfigure.restdocs.RestDocsTestExecutionListener, org.springframework.boot.test.autoconfigure.web.client.MockRestServiceServerResetTestExecutionListener, org.springframework.boot.test.autoconfigure.web.servlet.MockMvcPrintOnlyOnFailureTestExecutionListener, org.springframework.boot.test.autoconfigure.web.servlet.WebDriverTestExecutionListener, org.springframework.boot.test.autoconfigure.webservices.client.MockWebServiceServerTestExecutionListener, org.springframework.test.context.web.ServletTestExecutionListener, org.springframework.test.context.support.DirtiesContextBeforeModesTestExecutionListener, org.springframework.test.context.support.DependencyInjectionTestExecutionListener, org.springframework.test.context.support.DirtiesContextTestExecutionListener, org.springframework.test.context.transaction.TransactionalTestExecutionListener, org.springframework.test.context.jdbc.SqlScriptsTestExecutionListener, org.springframework.test.context.event.EventPublishingTestExecutionListener, org.springframework.security.test.context.support.WithSecurityContextTestExecutionListener, org.springframework.security.test.context.support.ReactorContextTestExecutionListener]
19:40:56.539 [main] DEBUG org.springframework.boot.test.context.SpringBootTestContextBootstrapper - Skipping candidate TestExecutionListener [org.springframework.test.context.web.ServletTestExecutionListener] due to a missing dependency. Specify custom listener classes or make the default listener classes and their required dependencies available. Offending class: [javax/servlet/ServletContext]
19:40:56.548 [main] INFO org.springframework.boot.test.context.SpringBootTestContextBootstrapper - Using TestExecutionListeners: [org.springframework.test.context.support.DirtiesContextBeforeModesTestExecutionListener@751d3241, org.springframework.boot.test.mock.mockito.MockitoTestExecutionListener@76c7beb3, org.springframework.boot.test.autoconfigure.SpringBootDependencyInjectionTestExecutionListener@64337702, org.springframework.test.context.support.DirtiesContextTestExecutionListener@2cf92cc7, org.springframework.test.context.transaction.TransactionalTestExecutionListener@30ea8c23, org.springframework.test.context.jdbc.SqlScriptsTestExecutionListener@7b139eab, org.springframework.test.context.event.EventPublishingTestExecutionListener@4e76dac, org.springframework.security.test.context.support.WithSecurityContextTestExecutionListener@611df6e3, org.springframework.security.test.context.support.ReactorContextTestExecutionListener@5f2f577, org.springframework.boot.test.mock.mockito.ResetMocksTestExecutionListener@6273c5a4, org.springframework.boot.test.autoconfigure.restdocs.RestDocsTestExecutionListener@5d465e4b, org.springframework.boot.test.autoconfigure.web.client.MockRestServiceServerResetTestExecutionListener@53e211ee, org.springframework.boot.test.autoconfigure.web.servlet.MockMvcPrintOnlyOnFailureTestExecutionListener@41a90fa8, org.springframework.boot.test.autoconfigure.web.servlet.WebDriverTestExecutionListener@3d8bbcdc, org.springframework.boot.test.autoconfigure.webservices.client.MockWebServiceServerTestExecutionListener@52500920]
19:40:56.552 [main] DEBUG org.springframework.test.context.support.AbstractDirtiesContextTestExecutionListener - Before test class: context [DefaultTestContext@9635fa testClass = TenantRepositoryR2dbcTest, testInstance = [null], testMethod = [null], testException = [null], mergedContextConfiguration = [ReactiveWebMergedContextConfiguration@53ab0286 testClass = TenantRepositoryR2dbcTest, locations = '{}', classes = '{class com.cagst.bom.BomServiceApplication}', contextInitializerClasses = '[]', activeProfiles = '{}', propertySourceLocations = '{}', propertySourceProperties = '{org.springframework.boot.test.context.SpringBootTestContextBootstrapper=true}', contextCustomizers = set[org.springframework.boot.test.context.filter.ExcludeFilterContextCustomizer@66c92293, org.springframework.boot.test.json.DuplicateJsonObjectContextCustomizerFactory$DuplicateJsonObjectContextCustomizer@3cdf2c61, org.springframework.boot.test.mock.mockito.MockitoContextCustomizer@0, org.springframework.boot.test.web.client.TestRestTemplateContextCustomizer@34c01041, org.springframework.boot.test.web.reactive.server.WebTestClientContextCustomizer@76a2ddf3, org.springframework.boot.test.autoconfigure.actuate.metrics.MetricsExportContextCustomizerFactory$DisableMetricExportContextCustomizer@2ef14fe, org.springframework.boot.test.autoconfigure.properties.PropertyMappingContextCustomizer@0, org.springframework.boot.test.autoconfigure.web.servlet.WebDriverContextCustomizerFactory$Customizer@1b84f475, org.springframework.boot.test.context.SpringBootTestArgs@1, org.springframework.boot.test.context.SpringBootTestWebEnvironment@10e41621], contextLoader = 'org.springframework.boot.test.context.SpringBootContextLoader', parent = [null]], attributes = map[[empty]]], class annotated with @DirtiesContext [false] with mode [null].
19:40:56.556 [main] DEBUG org.springframework.test.context.BootstrapUtils - Instantiating CacheAwareContextLoaderDelegate from class [org.springframework.test.context.cache.DefaultCacheAwareContextLoaderDelegate]
19:40:56.556 [main] DEBUG org.springframework.test.context.BootstrapUtils - Instantiating BootstrapContext using constructor [public org.springframework.test.context.support.DefaultBootstrapContext(java.lang.Class,org.springframework.test.context.CacheAwareContextLoaderDelegate)]
19:40:56.558 [main] DEBUG org.springframework.test.context.BootstrapUtils - Instantiating TestContextBootstrapper for test class [com.cagst.bom.tenant.TenantRepositoryR2dbcTest$WhenUpdate] from class [org.springframework.boot.test.context.SpringBootTestContextBootstrapper]
19:40:56.559 [main] INFO org.springframework.boot.test.context.SpringBootTestContextBootstrapper - Neither @ContextConfiguration nor @ContextHierarchy found for test class [com.cagst.bom.tenant.TenantRepositoryR2dbcTest$WhenUpdate], using SpringBootContextLoader
19:40:56.559 [main] DEBUG org.springframework.test.context.support.AbstractContextLoader - Did not detect default resource location for test class [com.cagst.bom.tenant.TenantRepositoryR2dbcTest$WhenUpdate]: class path resource [com/cagst/bom/tenant/TenantRepositoryR2dbcTest$WhenUpdate-context.xml] does not exist
19:40:56.560 [main] DEBUG org.springframework.test.context.support.AbstractContextLoader - Did not detect default resource location for test class [com.cagst.bom.tenant.TenantRepositoryR2dbcTest$WhenUpdate]: class path resource [com/cagst/bom/tenant/TenantRepositoryR2dbcTest$WhenUpdateContext.groovy] does not exist
19:40:56.560 [main] INFO org.springframework.test.context.support.AbstractContextLoader - Could not detect default resource locations for test class [com.cagst.bom.tenant.TenantRepositoryR2dbcTest$WhenUpdate]: no resource found for suffixes {-context.xml, Context.groovy}.
19:40:56.560 [main] INFO org.springframework.test.context.support.AnnotationConfigContextLoaderUtils - Could not detect default configuration classes for test class [com.cagst.bom.tenant.TenantRepositoryR2dbcTest$WhenUpdate]: WhenUpdate does not declare any static, non-private, non-final, nested classes annotated with @Configuration.
19:40:56.563 [main] DEBUG org.springframework.test.context.support.ActiveProfilesUtils - Could not find an 'annotation declaring class' for annotation type [org.springframework.test.context.ActiveProfiles] and class [com.cagst.bom.tenant.TenantRepositoryR2dbcTest$WhenUpdate]
19:40:56.564 [main] INFO org.springframework.boot.test.context.SpringBootTestContextBootstrapper - Found @SpringBootConfiguration com.cagst.bom.BomServiceApplication for test class com.cagst.bom.tenant.TenantRepositoryR2dbcTest$WhenUpdate
19:40:56.567 [main] DEBUG org.springframework.boot.test.context.SpringBootTestContextBootstrapper - @TestExecutionListeners is not present for class [com.cagst.bom.tenant.TenantRepositoryR2dbcTest$WhenUpdate]: using defaults.
19:40:56.567 [main] INFO org.springframework.boot.test.context.SpringBootTestContextBootstrapper - Loaded default TestExecutionListener class names from location [META-INF/spring.factories]: [org.springframework.boot.test.mock.mockito.MockitoTestExecutionListener, org.springframework.boot.test.mock.mockito.ResetMocksTestExecutionListener, org.springframework.boot.test.autoconfigure.restdocs.RestDocsTestExecutionListener, org.springframework.boot.test.autoconfigure.web.client.MockRestServiceServerResetTestExecutionListener, org.springframework.boot.test.autoconfigure.web.servlet.MockMvcPrintOnlyOnFailureTestExecutionListener, org.springframework.boot.test.autoconfigure.web.servlet.WebDriverTestExecutionListener, org.springframework.boot.test.autoconfigure.webservices.client.MockWebServiceServerTestExecutionListener, org.springframework.test.context.web.ServletTestExecutionListener, org.springframework.test.context.support.DirtiesContextBeforeModesTestExecutionListener, org.springframework.test.context.support.DependencyInjectionTestExecutionListener, org.springframework.test.context.support.DirtiesContextTestExecutionListener, org.springframework.test.context.transaction.TransactionalTestExecutionListener, org.springframework.test.context.jdbc.SqlScriptsTestExecutionListener, org.springframework.test.context.event.EventPublishingTestExecutionListener, org.springframework.security.test.context.support.WithSecurityContextTestExecutionListener, org.springframework.security.test.context.support.ReactorContextTestExecutionListener]
19:40:56.568 [main] DEBUG org.springframework.boot.test.context.SpringBootTestContextBootstrapper - Skipping candidate TestExecutionListener [org.springframework.test.context.web.ServletTestExecutionListener] due to a missing dependency. Specify custom listener classes or make the default listener classes and their required dependencies available. Offending class: [javax/servlet/ServletContext]
19:40:56.569 [main] INFO org.springframework.boot.test.context.SpringBootTestContextBootstrapper - Using TestExecutionListeners: [org.springframework.test.context.support.DirtiesContextBeforeModesTestExecutionListener@62679465, org.springframework.boot.test.mock.mockito.MockitoTestExecutionListener@6a988392, org.springframework.boot.test.autoconfigure.SpringBootDependencyInjectionTestExecutionListener@1d71006f, org.springframework.test.context.support.DirtiesContextTestExecutionListener@5b6813df, org.springframework.test.context.transaction.TransactionalTestExecutionListener@5f2606b, org.springframework.test.context.jdbc.SqlScriptsTestExecutionListener@2b58f754, org.springframework.test.context.event.EventPublishingTestExecutionListener@3ebff828, org.springframework.security.test.context.support.WithSecurityContextTestExecutionListener@2552f2cb, org.springframework.security.test.context.support.ReactorContextTestExecutionListener@33352f32, org.springframework.boot.test.mock.mockito.ResetMocksTestExecutionListener@5f3b9c57, org.springframework.boot.test.autoconfigure.restdocs.RestDocsTestExecutionListener@1e044120, org.springframework.boot.test.autoconfigure.web.client.MockRestServiceServerResetTestExecutionListener@2cf23c81, org.springframework.boot.test.autoconfigure.web.servlet.MockMvcPrintOnlyOnFailureTestExecutionListener@3624da92, org.springframework.boot.test.autoconfigure.web.servlet.WebDriverTestExecutionListener@35fe2125, org.springframework.boot.test.autoconfigure.webservices.client.MockWebServiceServerTestExecutionListener@94f6bfb]
19:40:56.569 [main] DEBUG org.springframework.test.context.support.AbstractDirtiesContextTestExecutionListener - Before test class: context [DefaultTestContext@34645867 testClass = TenantRepositoryR2dbcTest.WhenUpdate, testInstance = [null], testMethod = [null], testException = [null], mergedContextConfiguration = [ReactiveWebMergedContextConfiguration@2484f433 testClass = TenantRepositoryR2dbcTest.WhenUpdate, locations = '{}', classes = '{class com.cagst.bom.BomServiceApplication}', contextInitializerClasses = '[]', activeProfiles = '{}', propertySourceLocations = '{}', propertySourceProperties = '{org.springframework.boot.test.context.SpringBootTestContextBootstrapper=true}', contextCustomizers = set[org.springframework.boot.test.context.filter.ExcludeFilterContextCustomizer@66c92293, org.springframework.boot.test.json.DuplicateJsonObjectContextCustomizerFactory$DuplicateJsonObjectContextCustomizer@3cdf2c61, org.springframework.boot.test.mock.mockito.MockitoContextCustomizer@0, org.springframework.boot.test.web.client.TestRestTemplateContextCustomizer@34c01041, org.springframework.boot.test.web.reactive.server.WebTestClientContextCustomizer@76a2ddf3, org.springframework.boot.test.autoconfigure.actuate.metrics.MetricsExportContextCustomizerFactory$DisableMetricExportContextCustomizer@2ef14fe, org.springframework.boot.test.autoconfigure.properties.PropertyMappingContextCustomizer@0, org.springframework.boot.test.autoconfigure.web.servlet.WebDriverContextCustomizerFactory$Customizer@1b84f475, org.springframework.boot.test.context.SpringBootTestArgs@1, org.springframework.boot.test.context.SpringBootTestWebEnvironment@10e41621], contextLoader = 'org.springframework.boot.test.context.SpringBootContextLoader', parent = [null]], attributes = map[[empty]]], class annotated with @DirtiesContext [false] with mode [null].
19:40:56.583 [main] DEBUG org.springframework.test.context.support.DependencyInjectionTestExecutionListener - Performing dependency injection for test context [[DefaultTestContext@9635fa testClass = TenantRepositoryR2dbcTest, testInstance = com.cagst.bom.tenant.TenantRepositoryR2dbcTest@5d25e6bb, testMethod = [null], testException = [null], mergedContextConfiguration = [ReactiveWebMergedContextConfiguration@53ab0286 testClass = TenantRepositoryR2dbcTest, locations = '{}', classes = '{class com.cagst.bom.BomServiceApplication}', contextInitializerClasses = '[]', activeProfiles = '{}', propertySourceLocations = '{}', propertySourceProperties = '{org.springframework.boot.test.context.SpringBootTestContextBootstrapper=true}', contextCustomizers = set[org.springframework.boot.test.context.filter.ExcludeFilterContextCustomizer@66c92293, org.springframework.boot.test.json.DuplicateJsonObjectContextCustomizerFactory$DuplicateJsonObjectContextCustomizer@3cdf2c61, org.springframework.boot.test.mock.mockito.MockitoContextCustomizer@0, org.springframework.boot.test.web.client.TestRestTemplateContextCustomizer@34c01041, org.springframework.boot.test.web.reactive.server.WebTestClientContextCustomizer@76a2ddf3, org.springframework.boot.test.autoconfigure.actuate.metrics.MetricsExportContextCustomizerFactory$DisableMetricExportContextCustomizer@2ef14fe, org.springframework.boot.test.autoconfigure.properties.PropertyMappingContextCustomizer@0, org.springframework.boot.test.autoconfigure.web.servlet.WebDriverContextCustomizerFactory$Customizer@1b84f475, org.springframework.boot.test.context.SpringBootTestArgs@1, org.springframework.boot.test.context.SpringBootTestWebEnvironment@10e41621], contextLoader = 'org.springframework.boot.test.context.SpringBootContextLoader', parent = [null]], attributes = map[[empty]]]].
19:40:56.617 [main] DEBUG org.springframework.test.context.support.TestPropertySourceUtils - Adding inlined properties to environment: {spring.jmx.enabled=false, org.springframework.boot.test.context.SpringBootTestContextBootstrapper=true}

  .   ____          _            __ _ _
 /\\ / ___'_ __ _ _(_)_ __  __ _ \ \ \ \
( ( )\___ | '_ | '_| | '_ \/ _` | \ \ \ \
 \\/  ___)| |_)| | | | | || (_| |  ) ) ) )
  '  |____| .__|_| |_|_| |_\__, | / / / /
 =========|_|==============|___/=/_/_/_/
 :: Spring Boot ::                (v2.4.0)

2020-12-10 19:40:57.028  INFO 14262 --- [           main] c.c.b.tenant.TenantRepositoryR2dbcTest   : Starting TenantRepositoryR2dbcTest using Java 11.0.2 on CAGMacbook with PID 14262 (started by cgaskill in /Users/cgaskill/wip/cagst/bom/bom-service/bom-service-rest)
2020-12-10 19:40:57.031  INFO 14262 --- [           main] c.c.b.tenant.TenantRepositoryR2dbcTest   : No active profile set, falling back to default profiles: default
2020-12-10 19:40:57.950  INFO 14262 --- [           main] .s.d.r.c.RepositoryConfigurationDelegate : Bootstrapping Spring Data R2DBC repositories in DEFAULT mode.
2020-12-10 19:40:58.005  INFO 14262 --- [           main] .s.d.r.c.RepositoryConfigurationDelegate : Finished Spring Data repository scanning in 50 ms. Found 0 R2DBC repository interfaces.
2020-12-10 19:40:58.664  INFO 14262 --- [           main] c.c.b.s.security.jwt.JwtServiceImpl      : Token [eyJ0eXAiOiJKV1QiLCJhbGciOiJIUzUxMiJ9.eyJhdWQiOiIxIiwic3ViIjoiMSIsImV4cCI6MTYwODg2MDQ1OH0.7uJzQJC9mjjfV-gdQQsl-ALL0Om_RSyLdIoeLL1XcdEEBTu1RRvZfOIZvZQtfD7nzXEiYHzrs2l1iSDDgBJZGg]
2020-12-10 19:40:59.416  INFO 14262 --- [           main] o.s.s.concurrent.ThreadPoolTaskExecutor  : Initializing ExecutorService 'applicationTaskExecutor'
2020-12-10 19:40:59.989  INFO 14262 --- [           main] o.s.b.a.e.web.EndpointLinksResolver      : Exposing 2 endpoint(s) beneath base path '/actuator'
2020-12-10 19:41:00.447  INFO 14262 --- [           main] c.c.b.tenant.TenantRepositoryR2dbcTest   : Started TenantRepositoryR2dbcTest in 3.818 seconds (JVM running for 5.235)
]]></system-out>
  </testcase>
  <testcase name="testInsert" classname="com.cagst.bom.tenant.TenantRepositoryR2dbcTest$WhenInsertTenant" time="0">
    <skipped message="this can&apos;t be tested until migrating to version 1.0 of R2DBC so we can make the code generic"/>
    <system-out><![CDATA[2020-12-10 19:41:00.466  INFO 14262 --- [           main] .b.t.c.SpringBootTestContextBootstrapper : Neither @ContextConfiguration nor @ContextHierarchy found for test class [com.cagst.bom.tenant.TenantRepositoryR2dbcTest$WhenInsertTenant], using SpringBootContextLoader
2020-12-10 19:41:00.467  INFO 14262 --- [           main] o.s.t.c.support.AbstractContextLoader    : Could not detect default resource locations for test class [com.cagst.bom.tenant.TenantRepositoryR2dbcTest$WhenInsertTenant]: no resource found for suffixes {-context.xml, Context.groovy}.
2020-12-10 19:41:00.467  INFO 14262 --- [           main] t.c.s.AnnotationConfigContextLoaderUtils : Could not detect default configuration classes for test class [com.cagst.bom.tenant.TenantRepositoryR2dbcTest$WhenInsertTenant]: WhenInsertTenant does not declare any static, non-private, non-final, nested classes annotated with @Configuration.
2020-12-10 19:41:00.468  INFO 14262 --- [           main] .b.t.c.SpringBootTestContextBootstrapper : Found @SpringBootConfiguration com.cagst.bom.BomServiceApplication for test class com.cagst.bom.tenant.TenantRepositoryR2dbcTest$WhenInsertTenant
2020-12-10 19:41:00.471  INFO 14262 --- [           main] .b.t.c.SpringBootTestContextBootstrapper : Loaded default TestExecutionListener class names from location [META-INF/spring.factories]: [org.springframework.boot.test.mock.mockito.MockitoTestExecutionListener, org.springframework.boot.test.mock.mockito.ResetMocksTestExecutionListener, org.springframework.boot.test.autoconfigure.restdocs.RestDocsTestExecutionListener, org.springframework.boot.test.autoconfigure.web.client.MockRestServiceServerResetTestExecutionListener, org.springframework.boot.test.autoconfigure.web.servlet.MockMvcPrintOnlyOnFailureTestExecutionListener, org.springframework.boot.test.autoconfigure.web.servlet.WebDriverTestExecutionListener, org.springframework.boot.test.autoconfigure.webservices.client.MockWebServiceServerTestExecutionListener, org.springframework.test.context.web.ServletTestExecutionListener, org.springframework.test.context.support.DirtiesContextBeforeModesTestExecutionListener, org.springframework.test.context.support.DependencyInjectionTestExecutionListener, org.springframework.test.context.support.DirtiesContextTestExecutionListener, org.springframework.test.context.transaction.TransactionalTestExecutionListener, org.springframework.test.context.jdbc.SqlScriptsTestExecutionListener, org.springframework.test.context.event.EventPublishingTestExecutionListener, org.springframework.security.test.context.support.WithSecurityContextTestExecutionListener, org.springframework.security.test.context.support.ReactorContextTestExecutionListener]
2020-12-10 19:41:00.472  INFO 14262 --- [           main] .b.t.c.SpringBootTestContextBootstrapper : Using TestExecutionListeners: [org.springframework.test.context.support.DirtiesContextBeforeModesTestExecutionListener@55f6f965, org.springframework.boot.test.mock.mockito.MockitoTestExecutionListener@40ddf339, org.springframework.boot.test.autoconfigure.SpringBootDependencyInjectionTestExecutionListener@c83ed77, org.springframework.test.context.support.DirtiesContextTestExecutionListener@d271a54, org.springframework.test.context.transaction.TransactionalTestExecutionListener@6ff8e744, org.springframework.test.context.jdbc.SqlScriptsTestExecutionListener@409395b9, org.springframework.test.context.event.EventPublishingTestExecutionListener@53e82089, org.springframework.security.test.context.support.WithSecurityContextTestExecutionListener@66a8751a, org.springframework.security.test.context.support.ReactorContextTestExecutionListener@4ec27c4c, org.springframework.boot.test.mock.mockito.ResetMocksTestExecutionListener@12200670, org.springframework.boot.test.autoconfigure.restdocs.RestDocsTestExecutionListener@5e80d5, org.springframework.boot.test.autoconfigure.web.client.MockRestServiceServerResetTestExecutionListener@257b3561, org.springframework.boot.test.autoconfigure.web.servlet.MockMvcPrintOnlyOnFailureTestExecutionListener@78861d9e, org.springframework.boot.test.autoconfigure.web.servlet.WebDriverTestExecutionListener@6a878778, org.springframework.boot.test.autoconfigure.webservices.client.MockWebServiceServerTestExecutionListener@1eabfad5]
]]></system-out>
  </testcase>
  <testcase name="testFindAll" classname="com.cagst.bom.tenant.TenantRepositoryR2dbcTest$WhenFind" time="0.549"/>
  <testcase name="testFindLimit" classname="com.cagst.bom.tenant.TenantRepositoryR2dbcTest$WhenFind" time="0.011"/>
  <testcase name="testFindStart" classname="com.cagst.bom.tenant.TenantRepositoryR2dbcTest$WhenFind" time="0.006"/>
  <testcase name="testEndsWith" classname="com.cagst.bom.tenant.TenantRepositoryR2dbcTest$WhenFind$BySearchText" time="0.006"/>
  <testcase name="textExact" classname="com.cagst.bom.tenant.TenantRepositoryR2dbcTest$WhenFind$BySearchText" time="0.006"/>
  <testcase name="testContains" classname="com.cagst.bom.tenant.TenantRepositoryR2dbcTest$WhenFind$BySearchText" time="0.007"/>
  <testcase name="testStartsWith" classname="com.cagst.bom.tenant.TenantRepositoryR2dbcTest$WhenFind$BySearchText" time="0.006"/>
  <testcase name="testFound" classname="com.cagst.bom.tenant.TenantRepositoryR2dbcTest$WhenFindByMnemonics" time="0.004"/>
  <testcase name="testFound" classname="com.cagst.bom.tenant.TenantRepositoryR2dbcTest$WhenFindByMnemonic" time="0.007"/>
  <testcase name="testFound" classname="com.cagst.bom.tenant.TenantRepositoryR2dbcTest$WhenFindByIds" time="0.002"/>
  <testcase name="testFound" classname="com.cagst.bom.tenant.TenantRepositoryR2dbcTest$WhenFindById" time="0.005"/>
  <testcase name="testNone" classname="com.cagst.bom.tenant.TenantRepositoryR2dbcTest$WhenFindByMnemonics" time="0.004"/>
  <testcase name="testNone" classname="com.cagst.bom.tenant.TenantRepositoryR2dbcTest$WhenFindByIds" time="0.005"/>
  <testcase name="testNotFound" classname="com.cagst.bom.tenant.TenantRepositoryR2dbcTest$WhenFindByMnemonic" time="0.001"/>
  <testcase name="testNotFound" classname="com.cagst.bom.tenant.TenantRepositoryR2dbcTest$WhenFindById" time="0"/>
</testsuite>