<?xml version="1.0" encoding="UTF-8"?>
<testsuite xmlns:xsi="http://www.w3.org/2001/XMLSchema-instance" xsi:noNamespaceSchemaLocation="https://maven.apache.org/surefire/maven-surefire-plugin/xsd/surefire-test-report.xsd" name="com.cagst.bom.tenant.TenantResourceTest" time="1.244" tests="16" errors="0" skipped="0" failures="0">
  <properties>
[...]
</properties>
  <testcase name="testNotFound" classname="com.cagst.bom.tenant.TenantResourceTest$WhenDeleteTenant" time="0.228"/>
  <testcase name="testNotFound" classname="com.cagst.bom.tenant.TenantResourceTest$WhenUpdateTenant" time="0.07"/>
  <testcase name="testNotFound" classname="com.cagst.bom.tenant.TenantResourceTest$WhenFindByIdentifier" time="0.014"/>
  <testcase name="testNotAuthorized" classname="com.cagst.bom.tenant.TenantResourceTest$WhenDeleteTenant" time="0.008"/>
  <testcase name="testNotAuthorized" classname="com.cagst.bom.tenant.TenantResourceTest$WhenUpdateTenant" time="0.007"/>
  <testcase name="testNotAuthorized" classname="com.cagst.bom.tenant.TenantResourceTest$WhenCreateTenant" time="0.008"/>
  <testcase name="testNotAuthorized" classname="com.cagst.bom.tenant.TenantResourceTest$WhenFindByIdentifier" time="0.018"/>
  <testcase name="testNotAuthorized" classname="com.cagst.bom.tenant.TenantResourceTest$WhenFindTenants" time="0.008"/>
  <testcase name="testDelete" classname="com.cagst.bom.tenant.TenantResourceTest$WhenDeleteTenant" time="0.05"/>
  <testcase name="testPut" classname="com.cagst.bom.tenant.TenantResourceTest$WhenUpdateTenant" time="0.053"/>
  <testcase name="testBadRequest" classname="com.cagst.bom.tenant.TenantResourceTest$WhenUpdateTenant" time="0.012"/>
  <testcase name="testBadRequest" classname="com.cagst.bom.tenant.TenantResourceTest$WhenCreateTenant" time="0.019"/>
  <testcase name="testPost" classname="com.cagst.bom.tenant.TenantResourceTest$WhenCreateTenant" time="0.022"/>
  <testcase name="testFound" classname="com.cagst.bom.tenant.TenantResourceTest$WhenFindByIdentifier" time="0.051"/>
  <testcase name="testFound" classname="com.cagst.bom.tenant.TenantResourceTest$WhenFindTenants" time="0.065"/>
  <testcase name="testNoneFound" classname="com.cagst.bom.tenant.TenantResourceTest$WhenFindTenants" time="0.021"/>
</testsuite>